c:\users\zzt\desktop\capture\capture\debug\capture.capturevideo.resources
c:\users\zzt\desktop\capture\capture\debug\capture.pch
c:\users\zzt\desktop\capture\capture\debug\vc140.pdb
c:\users\zzt\desktop\capture\capture\debug\stdafx.obj
c:\users\zzt\desktop\capture\capture\debug\thread.obj
c:\users\zzt\desktop\capture\capture\debug\client.obj
c:\users\zzt\desktop\capture\capture\debug\capture.obj
c:\users\zzt\desktop\capture\capture\debug\assemblyinfo.obj
c:\users\zzt\desktop\capture\capture\debug\.netframework,version=v4.5.2.assemblyattributes.obj
c:\users\zzt\desktop\capture\capture\debug\.netframework,version=v4.5.2.assemblyattributes.asm
c:\users\zzt\desktop\capture\debug\capture.exe
c:\users\zzt\desktop\capture\debug\capture.pdb
c:\users\zzt\desktop\capture\capture\debug\app.res
c:\users\zzt\desktop\capture\capture\debug\capture.vcxproj.generateresource.cache
c:\users\zzt\desktop\capture\capture\debug\capture.vcxprojresolveassemblyreference.cache
c:\users\zzt\desktop\capture\capture\debug\capture.tlog\capture.write.1u.tlog
c:\users\zzt\desktop\capture\capture\debug\capture.tlog\cl.command.1.tlog
c:\users\zzt\desktop\capture\capture\debug\capture.tlog\cl.read.1.tlog
c:\users\zzt\desktop\capture\capture\debug\capture.tlog\cl.write.1.tlog
c:\users\zzt\desktop\capture\capture\debug\capture.tlog\link.command.1.tlog
c:\users\zzt\desktop\capture\capture\debug\capture.tlog\link.read.1.tlog
c:\users\zzt\desktop\capture\capture\debug\capture.tlog\link.write.1.tlog
c:\users\zzt\desktop\capture\capture\debug\capture.tlog\metagen.read.1.tlog
c:\users\zzt\desktop\capture\capture\debug\capture.tlog\metagen.write.1.tlog
c:\users\zzt\desktop\capture\capture\debug\capture.tlog\rc.command.1.tlog
c:\users\zzt\desktop\capture\capture\debug\capture.tlog\rc.read.1.tlog
c:\users\zzt\desktop\capture\capture\debug\capture.tlog\rc.write.1.tlog
c:\users\zzt\desktop\capture\capture\debug\capture.tlog\tzres.dll.bi
